/usr/lib/jvm/java-9-oracle/bin/java -Dfile.encoding=UTF-8 -classpath /home/administrateur/Bureau/java-performance/TP2/jmh/target/classes:/home/administrateur/.m2/repository/org/openjdk/jmh/jmh-core/1.21/jmh-core-1.21.jar:/home/administrateur/.m2/repository/net/sf/jopt-simple/jopt-simple/4.6/jopt-simple-4.6.jar:/home/administrateur/.m2/repository/org/apache/commons/commons-math3/3.2/commons-math3-3.2.jar org.openjdk.jmh.Main fr.polytechtours.javaperformance.tp2.MyBenchmark2.*
WARNING: An illegal reflective access operation has occurred
WARNING: Illegal reflective access by org.openjdk.jmh.util.Utils (file:/home/administrateur/.m2/repository/org/openjdk/jmh/jmh-core/1.21/jmh-core-1.21.jar) to field java.io.PrintStream.charOut
WARNING: Please consider reporting this to the maintainers of org.openjdk.jmh.util.Utils
WARNING: Use --illegal-access=warn to enable warnings of further illegal reflective access operations
WARNING: All illegal access operations will be denied in a future release
# JMH version: 1.21
# VM version: JDK 9, Java HotSpot(TM) 64-Bit Server VM, 9+181
# VM invoker: /usr/lib/jvm/java-9-oracle/bin/java
# VM options: -Dfile.encoding=UTF-8
# Warmup: 2 iterations, 1 s each, 3 calls per op
# Measurement: 2 iterations, 1 s each, 3 calls per op
# Timeout: 10 min per iteration
# Threads: 1 thread, will synchronize iterations
# Benchmark mode: Throughput, ops/time
# Benchmark: fr.polytechtours.javaperformance.tp2.MyBenchmark2.testBuffer
# Parameters: (i = 50)

# Run progress: 0.00% complete, ETA 00:02:00
# Fork: 1 of 5
# Warmup Iteration   1: 454602.693 ops/s
# Warmup Iteration   2: 598122.027 ops/s
Iteration   1: 603770.187 ops/s
Iteration   2: 631909.187 ops/s

# Run progress: 3.33% complete, ETA 00:02:19
# Fork: 2 of 5
# Warmup Iteration   1: 121061.894 ops/s
# Warmup Iteration   2: 128396.304 ops/s
Iteration   1: 129493.763 ops/s
Iteration   2: 195869.715 ops/s

# Run progress: 6.67% complete, ETA 00:02:11
# Fork: 3 of 5
# Warmup Iteration   1: 120718.627 ops/s
# Warmup Iteration   2: 128071.331 ops/s
Iteration   1: 129115.744 ops/s
Iteration   2: 198825.557 ops/s

# Run progress: 10.00% complete, ETA 00:02:05
# Fork: 4 of 5
# Warmup Iteration   1: 120862.152 ops/s
# Warmup Iteration   2: 129484.160 ops/s
Iteration   1: 131156.775 ops/s
Iteration   2: 192861.403 ops/s

# Run progress: 13.33% complete, ETA 00:02:00
# Fork: 5 of 5
# Warmup Iteration   1: 118380.560 ops/s
# Warmup Iteration   2: 127874.840 ops/s
Iteration   1: 129438.129 ops/s
Iteration   2: 196461.529 ops/s


Result "fr.polytechtours.javaperformance.tp2.MyBenchmark2.testBuffer":
  253890.199 +-(99.9%) 293994.970 ops/s [Average]
  (min, avg, max) = (129115.744, 253890.199, 631909.187), stdev = 194459.469
  CI (99.9%): [~= 0, 547885.169] (assumes normal distribution)


# JMH version: 1.21
# VM version: JDK 9, Java HotSpot(TM) 64-Bit Server VM, 9+181
# VM invoker: /usr/lib/jvm/java-9-oracle/bin/java
# VM options: -Dfile.encoding=UTF-8
# Warmup: 2 iterations, 1 s each, 3 calls per op
# Measurement: 2 iterations, 1 s each, 3 calls per op
# Timeout: 10 min per iteration
# Threads: 1 thread, will synchronize iterations
# Benchmark mode: Throughput, ops/time
# Benchmark: fr.polytechtours.javaperformance.tp2.MyBenchmark2.testBuffer
# Parameters: (i = 50000)

# Run progress: 16.67% complete, ETA 00:01:55
# Fork: 1 of 5
# Warmup Iteration   1: 192.576 ops/s
# Warmup Iteration   2: 211.876 ops/s
Iteration   1: 217.638 ops/s
Iteration   2: 221.509 ops/s

# Run progress: 20.00% complete, ETA 00:01:51
# Fork: 2 of 5
# Warmup Iteration   1: 189.546 ops/s
# Warmup Iteration   2: 212.817 ops/s
Iteration   1: 218.188 ops/s
Iteration   2: 219.848 ops/s

# Run progress: 23.33% complete, ETA 00:01:46
# Fork: 3 of 5
# Warmup Iteration   1: 185.343 ops/s
# Warmup Iteration   2: 217.435 ops/s
Iteration   1: 213.623 ops/s
Iteration   2: 218.633 ops/s

# Run progress: 26.67% complete, ETA 00:01:41
# Fork: 4 of 5
# Warmup Iteration   1: 186.599 ops/s
# Warmup Iteration   2: 214.574 ops/s
Iteration   1: 219.555 ops/s
Iteration   2: 226.569 ops/s

# Run progress: 30.00% complete, ETA 00:01:37
# Fork: 5 of 5
# Warmup Iteration   1: 186.632 ops/s
# Warmup Iteration   2: 211.505 ops/s
Iteration   1: 217.689 ops/s
Iteration   2: 223.534 ops/s


Result "fr.polytechtours.javaperformance.tp2.MyBenchmark2.testBuffer":
  219.679 +-(99.9%) 5.377 ops/s [Average]
  (min, avg, max) = (213.623, 219.679, 226.569), stdev = 3.557
  CI (99.9%): [214.301, 225.056] (assumes normal distribution)


# JMH version: 1.21
# VM version: JDK 9, Java HotSpot(TM) 64-Bit Server VM, 9+181
# VM invoker: /usr/lib/jvm/java-9-oracle/bin/java
# VM options: -Dfile.encoding=UTF-8
# Warmup: 2 iterations, 1 s each, 3 calls per op
# Measurement: 2 iterations, 1 s each, 3 calls per op
# Timeout: 10 min per iteration
# Threads: 1 thread, will synchronize iterations
# Benchmark mode: Throughput, ops/time
# Benchmark: fr.polytechtours.javaperformance.tp2.MyBenchmark2.testBuilder
# Parameters: (i = 50)

# Run progress: 33.33% complete, ETA 00:01:32
# Fork: 1 of 5
# Warmup Iteration   1: 456087.730 ops/s
# Warmup Iteration   2: 564047.839 ops/s
Iteration   1: 585250.271 ops/s
Iteration   2: 594795.498 ops/s

# Run progress: 36.67% complete, ETA 00:01:27
# Fork: 2 of 5
# Warmup Iteration   1: 469129.526 ops/s
# Warmup Iteration   2: 571545.304 ops/s
Iteration   1: 575985.212 ops/s
Iteration   2: 577642.178 ops/s

# Run progress: 40.00% complete, ETA 00:01:23
# Fork: 3 of 5
# Warmup Iteration   1: 473455.424 ops/s
# Warmup Iteration   2: 562980.085 ops/s
Iteration   1: 588724.059 ops/s
Iteration   2: 594426.456 ops/s

# Run progress: 43.33% complete, ETA 00:01:18
# Fork: 4 of 5
# Warmup Iteration   1: 468560.663 ops/s
# Warmup Iteration   2: 570173.399 ops/s
Iteration   1: 590509.874 ops/s
Iteration   2: 601103.438 ops/s

# Run progress: 46.67% complete, ETA 00:01:13
# Fork: 5 of 5
# Warmup Iteration   1: 466260.404 ops/s
# Warmup Iteration   2: 567276.435 ops/s
Iteration   1: 587735.990 ops/s
Iteration   2: 594173.684 ops/s


Result "fr.polytechtours.javaperformance.tp2.MyBenchmark2.testBuilder":
  589034.666 +-(99.9%) 11847.506 ops/s [Average]
  (min, avg, max) = (575985.212, 589034.666, 601103.438), stdev = 7836.392
  CI (99.9%): [577187.160, 600882.172] (assumes normal distribution)


# JMH version: 1.21
# VM version: JDK 9, Java HotSpot(TM) 64-Bit Server VM, 9+181
# VM invoker: /usr/lib/jvm/java-9-oracle/bin/java
# VM options: -Dfile.encoding=UTF-8
# Warmup: 2 iterations, 1 s each, 3 calls per op
# Measurement: 2 iterations, 1 s each, 3 calls per op
# Timeout: 10 min per iteration
# Threads: 1 thread, will synchronize iterations
# Benchmark mode: Throughput, ops/time
# Benchmark: fr.polytechtours.javaperformance.tp2.MyBenchmark2.testBuilder
# Parameters: (i = 50000)

# Run progress: 50.00% complete, ETA 00:01:09
# Fork: 1 of 5
# Warmup Iteration   1: 187.287 ops/s
# Warmup Iteration   2: 218.884 ops/s
Iteration   1: 221.553 ops/s
Iteration   2: 227.495 ops/s

# Run progress: 53.33% complete, ETA 00:01:04
# Fork: 2 of 5
# Warmup Iteration   1: 196.395 ops/s
# Warmup Iteration   2: 227.352 ops/s
Iteration   1: 222.548 ops/s
Iteration   2: 230.681 ops/s

# Run progress: 56.67% complete, ETA 00:00:59
# Fork: 3 of 5
# Warmup Iteration   1: 209.639 ops/s
# Warmup Iteration   2: 240.521 ops/s
Iteration   1: 242.583 ops/s
Iteration   2: 237.776 ops/s

# Run progress: 60.00% complete, ETA 00:00:55
# Fork: 4 of 5
# Warmup Iteration   1: 207.647 ops/s
# Warmup Iteration   2: 234.289 ops/s
Iteration   1: 236.680 ops/s
Iteration   2: 241.378 ops/s

# Run progress: 63.33% complete, ETA 00:00:50
# Fork: 5 of 5
# Warmup Iteration   1: 193.578 ops/s
# Warmup Iteration   2: 212.556 ops/s
Iteration   1: 221.714 ops/s
Iteration   2: 223.888 ops/s


Result "fr.polytechtours.javaperformance.tp2.MyBenchmark2.testBuilder":
  230.630 +-(99.9%) 12.635 ops/s [Average]
  (min, avg, max) = (221.553, 230.630, 242.583), stdev = 8.357
  CI (99.9%): [217.995, 243.264] (assumes normal distribution)


# JMH version: 1.21
# VM version: JDK 9, Java HotSpot(TM) 64-Bit Server VM, 9+181
# VM invoker: /usr/lib/jvm/java-9-oracle/bin/java
# VM options: -Dfile.encoding=UTF-8
# Warmup: 2 iterations, 1 s each, 3 calls per op
# Measurement: 2 iterations, 1 s each, 3 calls per op
# Timeout: 10 min per iteration
# Threads: 1 thread, will synchronize iterations
# Benchmark mode: Throughput, ops/time
# Benchmark: fr.polytechtours.javaperformance.tp2.MyBenchmark2.testConcat
# Parameters: (i = 50)

# Run progress: 66.67% complete, ETA 00:00:46
# Fork: 1 of 5
# Warmup Iteration   1: 140990.784 ops/s
# Warmup Iteration   2: 185676.895 ops/s
Iteration   1: 185106.032 ops/s
Iteration   2: 186963.077 ops/s

# Run progress: 70.00% complete, ETA 00:00:41
# Fork: 2 of 5
# Warmup Iteration   1: 138280.016 ops/s
# Warmup Iteration   2: 200963.293 ops/s
Iteration   1: 190270.207 ops/s
Iteration   2: 190615.425 ops/s

# Run progress: 73.33% complete, ETA 00:00:36
# Fork: 3 of 5
# Warmup Iteration   1: 140461.741 ops/s
# Warmup Iteration   2: 197374.199 ops/s
Iteration   1: 188812.037 ops/s
Iteration   2: 190808.788 ops/s

# Run progress: 76.67% complete, ETA 00:00:32
# Fork: 4 of 5
# Warmup Iteration   1: 140257.435 ops/s
# Warmup Iteration   2: 193882.697 ops/s
Iteration   1: 187249.931 ops/s
Iteration   2: 183960.761 ops/s

# Run progress: 80.00% complete, ETA 00:00:27
# Fork: 5 of 5
# Warmup Iteration   1: 134898.070 ops/s
# Warmup Iteration   2: 186897.960 ops/s
Iteration   1: 184198.596 ops/s
Iteration   2: 190199.397 ops/s


Result "fr.polytechtours.javaperformance.tp2.MyBenchmark2.testConcat":
  187818.425 +-(99.9%) 4088.841 ops/s [Average]
  (min, avg, max) = (183960.761, 187818.425, 190808.788), stdev = 2704.515
  CI (99.9%): [183729.584, 191907.266] (assumes normal distribution)


# JMH version: 1.21
# VM version: JDK 9, Java HotSpot(TM) 64-Bit Server VM, 9+181
# VM invoker: /usr/lib/jvm/java-9-oracle/bin/java
# VM options: -Dfile.encoding=UTF-8
# Warmup: 2 iterations, 1 s each, 3 calls per op
# Measurement: 2 iterations, 1 s each, 3 calls per op
# Timeout: 10 min per iteration
# Threads: 1 thread, will synchronize iterations
# Benchmark mode: Throughput, ops/time
# Benchmark: fr.polytechtours.javaperformance.tp2.MyBenchmark2.testConcat
# Parameters: (i = 50000)

# Run progress: 83.33% complete, ETA 00:00:23
# Fork: 1 of 5
# Warmup Iteration   1: ~= 0 ops/s
# Warmup Iteration   2: ~= 0 ops/s
Iteration   1: ~= 0 ops/s
Iteration   2: ~= 0 ops/s

# Run progress: 86.67% complete, ETA 00:00:20
# Fork: 2 of 5
# Warmup Iteration   1: ~= 0 ops/s
# Warmup Iteration   2: ~= 0 ops/s
Iteration   1: ~= 0 ops/s
Iteration   2: ~= 0 ops/s

# Run progress: 90.00% complete, ETA 00:00:16
# Fork: 3 of 5
# Warmup Iteration   1: ~= 0 ops/s
# Warmup Iteration   2: ~= 0 ops/s
Iteration   1: ~= 0 ops/s
Iteration   2: ~= 0 ops/s

# Run progress: 93.33% complete, ETA 00:00:12
# Fork: 4 of 5
# Warmup Iteration   1: ~= 0 ops/s
# Warmup Iteration   2: ~= 0 ops/s
Iteration   1: ~= 0 ops/s
Iteration   2: ~= 0 ops/s

# Run progress: 96.67% complete, ETA 00:00:06
# Fork: 5 of 5
# Warmup Iteration   1: ~= 0 ops/s
# Warmup Iteration   2: ~= 0 ops/s
Iteration   1: ~= 0 ops/s
Iteration   2: ~= 0 ops/s


Result "fr.polytechtours.javaperformance.tp2.MyBenchmark2.testConcat":
  ~= 0 ops/s


# Run complete. Total time: 00:03:25

REMEMBER: The numbers below are just data. To gain reusable insights, you need to follow up on
why the numbers are the way they are. Use profilers (see -prof, -lprof), design factorial
experiments, perform baseline and negative tests that provide experimental control, make sure
the benchmarking environment is safe on JVM/OS/HW level, ask for reviews from the domain experts.
Do not assume the numbers tell you what you want them to tell.

Benchmark                   (i)   Mode  Cnt       Score        Error  Units
MyBenchmark2.testBuffer      50  thrpt   10  253890.199 +- 293994.970  ops/s
MyBenchmark2.testBuffer   50000  thrpt   10     219.679 +-      5.377  ops/s
MyBenchmark2.testBuilder     50  thrpt   10  589034.666 +-  11847.506  ops/s
MyBenchmark2.testBuilder  50000  thrpt   10     230.630 +-     12.635  ops/s
MyBenchmark2.testConcat      50  thrpt   10  187818.425 +-   4088.841  ops/s
MyBenchmark2.testConcat   50000  thrpt   10         ~= 0               ops/s

Process finished with exit code 0
